f:\test\mt\sample\niutensor\x64\debug\vc140.pdb
f:\test\mt\sample\niutensor\x64\debug\vc140.idb
f:\test\mt\sample\niutensor\x64\debug\ttopk.obj
f:\test\mt\sample\niutensor\x64\debug\ttranspose.obj
f:\test\mt\sample\niutensor\x64\debug\tunsqueeze.obj
f:\test\mt\sample\niutensor\x64\debug\txmem.obj
f:\test\mt\sample\niutensor\x64\debug\xblas.obj
f:\test\mt\sample\niutensor\x64\debug\xcall.obj
f:\test\mt\sample\niutensor\x64\debug\xdatatype.obj
f:\test\mt\sample\niutensor\x64\debug\xdevice.obj
f:\test\mt\sample\niutensor\x64\debug\xglobal.obj
f:\test\mt\sample\niutensor\x64\debug\xheap.obj
f:\test\mt\sample\niutensor\x64\debug\xlink.obj
f:\test\mt\sample\niutensor\x64\debug\xlist.obj
f:\test\mt\sample\niutensor\x64\debug\xmem.obj
f:\test\mt\sample\niutensor\x64\debug\xname.obj
f:\test\mt\sample\niutensor\x64\debug\xprunner.obj
f:\test\mt\sample\niutensor\x64\debug\xqueue.obj
f:\test\mt\sample\niutensor\x64\debug\xstream.obj
f:\test\mt\sample\niutensor\x64\debug\xtensor.obj
f:\test\mt\sample\niutensor\x64\debug\xthread.obj
f:\test\mt\sample\niutensor\x64\debug\xutility.obj
f:\test\mt\sample\niutensor\x64\debug\treducesumall.obj
f:\test\mt\sample\niutensor\x64\debug\treducesumsquared.obj
f:\test\mt\sample\niutensor\x64\debug\treducevariance.obj
f:\test\mt\sample\niutensor\x64\debug\tround.obj
f:\test\mt\sample\niutensor\x64\debug\tscaleandshift.obj
f:\test\mt\sample\niutensor\x64\debug\tselect.obj
f:\test\mt\sample\niutensor\x64\debug\tsetascendingorder.obj
f:\test\mt\sample\niutensor\x64\debug\tsetdata.obj
f:\test\mt\sample\niutensor\x64\debug\tsigmoid.obj
f:\test\mt\sample\niutensor\x64\debug\tsign.obj
f:\test\mt\sample\niutensor\x64\debug\tsin.obj
f:\test\mt\sample\niutensor\x64\debug\tsoftmax.obj
f:\test\mt\sample\niutensor\x64\debug\tsort.obj
f:\test\mt\sample\niutensor\x64\debug\tsplit.obj
f:\test\mt\sample\niutensor\x64\debug\tspread.obj
f:\test\mt\sample\niutensor\x64\debug\tsub.obj
f:\test\mt\sample\niutensor\x64\debug\tsubdim.obj
f:\test\mt\sample\niutensor\x64\debug\tsum.obj
f:\test\mt\sample\niutensor\x64\debug\tsumdim.obj
f:\test\mt\sample\niutensor\x64\debug\ttan.obj
f:\test\mt\sample\niutensor\x64\debug\tgather.obj
f:\test\mt\sample\niutensor\x64\debug\thardtanh.obj
f:\test\mt\sample\niutensor\x64\debug\tidentity.obj
f:\test\mt\sample\niutensor\x64\debug\tlog.obj
f:\test\mt\sample\niutensor\x64\debug\tlogsoftmax.obj
f:\test\mt\sample\niutensor\x64\debug\tloss.obj
f:\test\mt\sample\niutensor\x64\debug\tmatrixmul.obj
f:\test\mt\sample\niutensor\x64\debug\tmatrixmul2d.obj
f:\test\mt\sample\niutensor\x64\debug\tmatrixmul2dparallel.obj
f:\test\mt\sample\niutensor\x64\debug\tmatrixmulbatched.obj
f:\test\mt\sample\niutensor\x64\debug\tmerge.obj
f:\test\mt\sample\niutensor\x64\debug\tmultiply.obj
f:\test\mt\sample\niutensor\x64\debug\tmultiplydim.obj
f:\test\mt\sample\niutensor\x64\debug\tnegate.obj
f:\test\mt\sample\niutensor\x64\debug\tnormalize.obj
f:\test\mt\sample\niutensor\x64\debug\tpower.obj
f:\test\mt\sample\niutensor\x64\debug\trectify.obj
f:\test\mt\sample\niutensor\x64\debug\treducemax.obj
f:\test\mt\sample\niutensor\x64\debug\treducemean.obj
f:\test\mt\sample\niutensor\x64\debug\treducesum.obj
f:\test\mt\sample\niutensor\x64\debug\rectify.obj
f:\test\mt\sample\niutensor\x64\debug\sigmoid.obj
f:\test\mt\sample\niutensor\x64\debug\softmax.obj
f:\test\mt\sample\niutensor\x64\debug\crossentropy.obj
f:\test\mt\sample\niutensor\x64\debug\main.obj
f:\test\mt\sample\niutensor\x64\debug\tabsolute.obj
f:\test\mt\sample\niutensor\x64\debug\tclip.obj
f:\test\mt\sample\niutensor\x64\debug\tcompare.obj
f:\test\mt\sample\niutensor\x64\debug\tconcatenate.obj
f:\test\mt\sample\niutensor\x64\debug\tconcatenatesolely.obj
f:\test\mt\sample\niutensor\x64\debug\tconvertdatatype.obj
f:\test\mt\sample\niutensor\x64\debug\tcopyindexed.obj
f:\test\mt\sample\niutensor\x64\debug\tcopyvalues.obj
f:\test\mt\sample\niutensor\x64\debug\tcos.obj
f:\test\mt\sample\niutensor\x64\debug\tcrossentropy.obj
f:\test\mt\sample\niutensor\x64\debug\tdiv.obj
f:\test\mt\sample\niutensor\x64\debug\tdivdim.obj
f:\test\mt\sample\niutensor\x64\debug\tdropout.obj
f:\test\mt\sample\niutensor\x64\debug\test.obj
f:\test\mt\sample\niutensor\x64\debug\texp.obj
f:\test\mt\sample\niutensor\x64\debug\mergeblocklists.obj
f:\test\mt\sample\niutensor\x64\debug\permute.obj
f:\test\mt\sample\niutensor\x64\debug\reshape.obj
f:\test\mt\sample\niutensor\x64\debug\split.obj
f:\test\mt\sample\niutensor\x64\debug\squeeze.obj
f:\test\mt\sample\niutensor\x64\debug\stack.obj
f:\test\mt\sample\niutensor\x64\debug\transpose.obj
f:\test\mt\sample\niutensor\x64\debug\unsqueeze.obj
f:\test\mt\sample\niutensor\x64\debug\sort.obj
f:\test\mt\sample\niutensor\x64\debug\topk.obj
f:\test\mt\sample\niutensor\x64\debug\checkdata.obj
f:\test\mt\sample\niutensor\x64\debug\flushtomem.obj
f:\test\mt\sample\niutensor\x64\debug\setascendingorder.obj
f:\test\mt\sample\niutensor\x64\debug\xmatrixsegment.obj
f:\test\mt\sample\niutensor\x64\debug\dropout.obj
f:\test\mt\sample\niutensor\x64\debug\dropoutwithindex.obj
f:\test\mt\sample\niutensor\x64\debug\hardtanh.obj
f:\test\mt\sample\niutensor\x64\debug\identity.obj
f:\test\mt\sample\niutensor\x64\debug\logsoftmax.obj
f:\test\mt\sample\niutensor\x64\debug\loss.obj
f:\test\mt\sample\niutensor\x64\debug\copyblocksonsite.obj
f:\test\mt\sample\niutensor\x64\debug\copydata2d.obj
f:\test\mt\sample\niutensor\x64\debug\copyindexed.obj
f:\test\mt\sample\niutensor\x64\debug\copyingrid.obj
f:\test\mt\sample\niutensor\x64\debug\copyvalues.obj
f:\test\mt\sample\niutensor\x64\debug\gather.obj
f:\test\mt\sample\niutensor\x64\debug\spread.obj
f:\test\mt\sample\niutensor\x64\debug\reducemax.obj
f:\test\mt\sample\niutensor\x64\debug\reducemean.obj
f:\test\mt\sample\niutensor\x64\debug\reducesum.obj
f:\test\mt\sample\niutensor\x64\debug\reducesumall.obj
f:\test\mt\sample\niutensor\x64\debug\reducesumsquared.obj
f:\test\mt\sample\niutensor\x64\debug\reducevariance.obj
f:\test\mt\sample\niutensor\x64\debug\vectorbuffer.obj
f:\test\mt\sample\niutensor\x64\debug\concatenate.obj
f:\test\mt\sample\niutensor\x64\debug\concatenatesolely.obj
f:\test\mt\sample\niutensor\x64\debug\issameshaped.obj
f:\test\mt\sample\niutensor\x64\debug\makemergeblockindex.obj
f:\test\mt\sample\niutensor\x64\debug\makesplitblockindex.obj
f:\test\mt\sample\niutensor\x64\debug\merge.obj
f:\test\mt\sample\niutensor\x64\debug\mulandshift.obj
f:\test\mt\sample\niutensor\x64\debug\multiply.obj
f:\test\mt\sample\niutensor\x64\debug\multiplydim.obj
f:\test\mt\sample\niutensor\x64\debug\sub.obj
f:\test\mt\sample\niutensor\x64\debug\subdim.obj
f:\test\mt\sample\niutensor\x64\debug\sum.obj
f:\test\mt\sample\niutensor\x64\debug\sumdim.obj
f:\test\mt\sample\niutensor\x64\debug\xtensorblas.obj
f:\test\mt\sample\niutensor\x64\debug\convertdatatype.obj
f:\test\mt\sample\niutensor\x64\debug\onehotandindex.obj
f:\test\mt\sample\niutensor\x64\debug\select.obj
f:\test\mt\sample\niutensor\x64\debug\setdata.obj
f:\test\mt\sample\niutensor\x64\debug\binary.obj
f:\test\mt\sample\niutensor\x64\debug\clip.obj
f:\test\mt\sample\niutensor\x64\debug\compare.obj
f:\test\mt\sample\niutensor\x64\debug\normalize.obj
f:\test\mt\sample\niutensor\x64\debug\scaleandshift.obj
f:\test\mt\sample\niutensor\x64\debug\unary.obj
f:\test\mt\sample\niutensor\x64\debug\copyblocks.obj
f:\test\mt\sample\niutensor\x64\debug\copyblocksingrid.obj
f:\test\mt\sample\niutensor\x64\debug\t2tencoder.obj
f:\test\mt\sample\niutensor\x64\debug\t2tfnn.obj
f:\test\mt\sample\niutensor\x64\debug\t2tlayernormal.obj
f:\test\mt\sample\niutensor\x64\debug\t2tlengthpenalty.obj
f:\test\mt\sample\niutensor\x64\debug\t2tmodel.obj
f:\test\mt\sample\niutensor\x64\debug\t2toutput.obj
f:\test\mt\sample\niutensor\x64\debug\t2tpredictor.obj
f:\test\mt\sample\niutensor\x64\debug\t2tsearch.obj
f:\test\mt\sample\niutensor\x64\debug\t2ttester.obj
f:\test\mt\sample\niutensor\x64\debug\t2ttrainer.obj
f:\test\mt\sample\niutensor\x64\debug\t2tutility.obj
f:\test\mt\sample\niutensor\x64\debug\transformer.obj
f:\test\mt\sample\niutensor\x64\debug\div.obj
f:\test\mt\sample\niutensor\x64\debug\divdim.obj
f:\test\mt\sample\niutensor\x64\debug\mask.obj
f:\test\mt\sample\niutensor\x64\debug\matrixmul.obj
f:\test\mt\sample\niutensor\x64\debug\matrixmul2d.obj
f:\test\mt\sample\niutensor\x64\debug\matrixmul2dmultitheading.obj
f:\test\mt\sample\niutensor\x64\debug\matrixmul2dparallel.obj
f:\test\mt\sample\niutensor\x64\debug\matrixmulbatched.obj
f:\test\mt\sample\niutensor\x64\debug\xbackwardfunc.obj
f:\test\mt\sample\niutensor\x64\debug\xbackwardloss.obj
f:\test\mt\sample\niutensor\x64\debug\xbackwardmath.obj
f:\test\mt\sample\niutensor\x64\debug\xbackwardshape.obj
f:\test\mt\sample\niutensor\x64\debug\xnet.obj
f:\test\mt\sample\niutensor\x64\debug\xnoder.obj
f:\test\mt\sample\niutensor\x64\debug\fnnlm.obj
f:\test\mt\sample\niutensor\x64\debug\t2tattention.obj
f:\test\mt\sample\niutensor\x64\debug\t2tbatchloader.obj
f:\test\mt\sample\niutensor\x64\debug\t2tdecoder.obj
f:\test\mt\sample\niutensor\x64\debug\t2tembedding.obj
f:\test\mt\sample\x64\debug\niutensor.pdb
f:\test\mt\sample\niutensor\x64\debug\niutensor.tlog\cl.command.1.tlog
f:\test\mt\sample\niutensor\x64\debug\niutensor.tlog\cl.read.1.tlog
f:\test\mt\sample\niutensor\x64\debug\niutensor.tlog\cl.write.1.tlog
f:\test\mt\sample\niutensor\x64\debug\niutensor.tlog\link-cvtres.read.1.tlog
f:\test\mt\sample\niutensor\x64\debug\niutensor.tlog\link-cvtres.write.1.tlog
f:\test\mt\sample\niutensor\x64\debug\niutensor.tlog\link-rc.read.1.tlog
f:\test\mt\sample\niutensor\x64\debug\niutensor.tlog\link-rc.write.1.tlog
f:\test\mt\sample\niutensor\x64\debug\niutensor.tlog\link.16496-cvtres.read.1.tlog
f:\test\mt\sample\niutensor\x64\debug\niutensor.tlog\link.16496-cvtres.write.1.tlog
f:\test\mt\sample\niutensor\x64\debug\niutensor.tlog\link.16496-rc.read.1.tlog
f:\test\mt\sample\niutensor\x64\debug\niutensor.tlog\link.16496-rc.write.1.tlog
f:\test\mt\sample\niutensor\x64\debug\niutensor.tlog\link.16496.read.1.tlog
f:\test\mt\sample\niutensor\x64\debug\niutensor.tlog\link.16496.write.1.tlog
f:\test\mt\sample\niutensor\x64\debug\niutensor.tlog\link.command.1.tlog
f:\test\mt\sample\niutensor\x64\debug\niutensor.tlog\link.read.1.tlog
f:\test\mt\sample\niutensor\x64\debug\niutensor.tlog\link.write.1.tlog
